#
# There is insufficient memory for the Java Runtime Environment to continue.
# Native memory allocation (malloc) failed to allocate 935136 bytes. Error detail: Chunk::new
# Possible reasons:
#   The system is out of physical RAM or swap space
#   This process is running with CompressedOops enabled, and the Java Heap may be blocking the growth of the native heap
# Possible solutions:
#   Reduce memory load on the system
#   Increase physical memory or swap space
#   Check if swap backing store is full
#   Decrease Java heap size (-Xmx/-Xms)
#   Decrease number of Java threads
#   Decrease Java thread stack sizes (-Xss)
#   Set larger code cache with -XX:ReservedCodeCacheSize=
#   JVM is running with Unscaled Compressed Oops mode in which the Java heap is
#     placed in the first 4GB address space. The Java Heap base address is the
#     maximum limit for the native heap growth. Please use -XX:HeapBaseMinAddress
#     to set the Java Heap base and to place the Java Heap above 4GB virtual address.
# This output file may be truncated or incomplete.
#
#  Out of Memory Error (arena.cpp:168), pid=16396, tid=28124
#
# JRE version: OpenJDK Runtime Environment Temurin-21.0.10+7 (21.0.10+7) (build 21.0.10+7-LTS)
# Java VM: OpenJDK 64-Bit Server VM Temurin-21.0.10+7 (21.0.10+7-LTS, mixed mode, sharing, tiered, compressed oops, compressed class ptrs, parallel gc, windows-amd64)
# No core dump will be written. Minidumps are not enabled by default on client versions of Windows
#

---------------  S U M M A R Y ------------

Command Line: --add-modules=ALL-SYSTEM --add-opens=java.base/java.util=ALL-UNNAMED --add-opens=java.base/java.lang=ALL-UNNAMED --add-opens=java.base/sun.nio.fs=ALL-UNNAMED -Declipse.application=org.eclipse.jdt.ls.core.id1 -Dosgi.bundles.defaultStartLevel=4 -Declipse.product=org.eclipse.jdt.ls.core.product -Djava.import.generatesMetadataFilesAtProjectRoot=false -DDetectVMInstallationsJob.disabled=true -Dfile.encoding=utf8 -XX:+UseParallelGC -XX:GCTimeRatio=4 -XX:AdaptiveSizePolicyWeight=90 -Dsun.zip.disableMemoryMapping=true -Xmx2G -Xms100m -Xlog:disable -javaagent:c:\Users\gimji\.vscode\extensions\redhat.java-1.54.0-win32-x64\lombok\lombok-1.18.39-4050.jar -XX:+HeapDumpOnOutOfMemoryError -XX:HeapDumpPath=c:\Users\gimji\AppData\Roaming\Code\User\workspaceStorage\090e618181b0680fee73096a256498cb\redhat.java -Daether.dependencyCollector.impl=bf c:\Users\gimji\.vscode\extensions\redhat.java-1.54.0-win32-x64\server\plugins\org.eclipse.equinox.launcher_1.7.100.v20251111-0406.jar -configuration c:\Users\gimji\AppData\Roaming\Code\User\globalStorage\redhat.java\1.54.0\config_win -data c:\Users\gimji\AppData\Roaming\Code\User\workspaceStorage\090e618181b0680fee73096a256498cb\redhat.java\jdt_ws --pipe=\\.\pipe\lsp-cee0d3c94b08cc03f9c7712f6a4ea13d-sock

Host: ## __CPU__, 8 cores, 7G,  Windows 11 , 64 bit Build 26100 (10.0.26100.8246)
Time: Sat Apr 25 18:11:08 2026 Hora est. Pac璗ico, Sudam廨ica elapsed time: 24.607404 seconds (0d 0h 0m 24s)

---------------  T H R E A D  ---------------

Current thread (0x0000025b405c01b0):  JavaThread "C2 CompilerThread0" daemon [_thread_in_native, id=28124, stack(0x000000c3a7d00000,0x000000c3a7e00000) (1024K)]


Current CompileTask:
C2:24607 3196       4       java.lang.invoke.MethodType::makeImpl (109 bytes)

Stack: [0x000000c3a7d00000,0x000000c3a7e00000]
Native frames: (J=compiled Java code, j=interpreted, Vv=VM code, C=native code)
V  [jvm.dll+0x6d7a39]
V  [jvm.dll+0x8b4b26]
V  [jvm.dll+0x8b70de]
V  [jvm.dll+0x8b77c3]
V  [jvm.dll+0x284346]
V  [jvm.dll+0xc66ed]
V  [jvm.dll+0xc6c31]
V  [jvm.dll+0x2fb29e]
V  [jvm.dll+0x5fe884]
V  [jvm.dll+0x255b17]
V  [jvm.dll+0x24e21f]
V  [jvm.dll+0x24ba42]
V  [jvm.dll+0x1cb34e]
V  [jvm.dll+0x25b85d]
V  [jvm.dll+0x259dea]
V  [jvm.dll+0x3f857e]
V  [jvm.dll+0x85f59d]
V  [jvm.dll+0x6d626d]
C  [ucrtbase.dll+0x37b0]
C  [KERNEL32.DLL+0x2e8d7]
C  [ntdll.dll+0x8c3fc]


---------------  P R O C E S S  ---------------

Threads class SMR info:
_java_thread_list=0x0000025b87058890, length=20, elements={
0x0000025b29b3f520, 0x0000025b29bfc560, 0x0000025b405b5ad0, 0x0000025b405b7770,
0x0000025b405b9f40, 0x0000025b405bc9b0, 0x0000025b405bd410, 0x0000025b405c01b0,
0x0000025b8704ffe0, 0x0000025b871c0ac0, 0x0000025b872576b0, 0x0000025b87706ec0,
0x0000025b87642720, 0x0000025b87282520, 0x0000025b87282fa0, 0x0000025b8806ae00,
0x0000025b87e06640, 0x0000025b87b07d80, 0x0000025b887803f0, 0x0000025b887831e0
}

Java Threads: ( => current thread )
  0x0000025b29b3f520 JavaThread "main"                              [_thread_blocked, id=20656, stack(0x000000c3a7300000,0x000000c3a7400000) (1024K)]
  0x0000025b29bfc560 JavaThread "Reference Handler"          daemon [_thread_blocked, id=12408, stack(0x000000c3a7700000,0x000000c3a7800000) (1024K)]
  0x0000025b405b5ad0 JavaThread "Finalizer"                  daemon [_thread_blocked, id=24340, stack(0x000000c3a7800000,0x000000c3a7900000) (1024K)]
  0x0000025b405b7770 JavaThread "Signal Dispatcher"          daemon [_thread_blocked, id=21552, stack(0x000000c3a7900000,0x000000c3a7a00000) (1024K)]
  0x0000025b405b9f40 JavaThread "Attach Listener"            daemon [_thread_blocked, id=17848, stack(0x000000c3a7a00000,0x000000c3a7b00000) (1024K)]
  0x0000025b405bc9b0 JavaThread "Service Thread"             daemon [_thread_blocked, id=17660, stack(0x000000c3a7b00000,0x000000c3a7c00000) (1024K)]
  0x0000025b405bd410 JavaThread "Monitor Deflation Thread"   daemon [_thread_blocked, id=29472, stack(0x000000c3a7c00000,0x000000c3a7d00000) (1024K)]
=>0x0000025b405c01b0 JavaThread "C2 CompilerThread0"         daemon [_thread_in_native, id=28124, stack(0x000000c3a7d00000,0x000000c3a7e00000) (1024K)]
  0x0000025b8704ffe0 JavaThread "C1 CompilerThread0"         daemon [_thread_in_native, id=4592, stack(0x000000c3a7e00000,0x000000c3a7f00000) (1024K)]
  0x0000025b871c0ac0 JavaThread "Common-Cleaner"             daemon [_thread_blocked, id=22444, stack(0x000000c3a7f00000,0x000000c3a8000000) (1024K)]
  0x0000025b872576b0 JavaThread "Notification Thread"        daemon [_thread_blocked, id=29400, stack(0x000000c3a8000000,0x000000c3a8100000) (1024K)]
  0x0000025b87706ec0 JavaThread "Active Thread: Equinox Container: e1945853-5ede-4097-bcdf-f92b3b1f1d23"        [_thread_blocked, id=19868, stack(0x000000c3a8700000,0x000000c3a8800000) (1024K)]
  0x0000025b87642720 JavaThread "Refresh Thread: Equinox Container: e1945853-5ede-4097-bcdf-f92b3b1f1d23" daemon [_thread_blocked, id=24764, stack(0x000000c3a8900000,0x000000c3a8a00000) (1024K)]
  0x0000025b87282520 JavaThread "Framework Event Dispatcher: Equinox Container: e1945853-5ede-4097-bcdf-f92b3b1f1d23" daemon [_thread_blocked, id=4604, stack(0x000000c3a8a00000,0x000000c3a8b00000) (1024K)]
  0x0000025b87282fa0 JavaThread "Start Level: Equinox Container: e1945853-5ede-4097-bcdf-f92b3b1f1d23" daemon [_thread_in_vm, id=28636, stack(0x000000c3a8b00000,0x000000c3a8c00000) (1024K)]
  0x0000025b8806ae00 JavaThread "Bundle File Closer"         daemon [_thread_blocked, id=25976, stack(0x000000c3a8c00000,0x000000c3a8d00000) (1024K)]
  0x0000025b87e06640 JavaThread "SCR Component Actor"        daemon [_thread_blocked, id=21796, stack(0x000000c3a8d00000,0x000000c3a8e00000) (1024K)]
  0x0000025b87b07d80 JavaThread "Worker-JM"                         [_thread_blocked, id=5012, stack(0x000000c3a8e00000,0x000000c3a8f00000) (1024K)]
  0x0000025b887803f0 JavaThread "JNA Cleaner"                daemon [_thread_blocked, id=19968, stack(0x000000c3a8f00000,0x000000c3a9000000) (1024K)]
  0x0000025b887831e0 JavaThread "Worker-0"                          [_thread_blocked, id=29708, stack(0x000000c3a9000000,0x000000c3a9100000) (1024K)]
Total: 20

Other Threads:
  0x0000025b405b1d70 VMThread "VM Thread"                           [id=26252, stack(0x000000c3a7600000,0x000000c3a7700000) (1024K)]
  0x0000025b404cca10 WatcherThread "VM Periodic Task Thread"        [id=19000, stack(0x000000c3a7500000,0x000000c3a7600000) (1024K)]
  0x0000025b29b5d9a0 WorkerThread "GC Thread#0"                     [id=5960, stack(0x000000c3a7400000,0x000000c3a7500000) (1024K)]
  0x0000025b87a04820 WorkerThread "GC Thread#1"                     [id=10932, stack(0x000000c3a8100000,0x000000c3a8200000) (1024K)]
  0x0000025b87a04bd0 WorkerThread "GC Thread#2"                     [id=19992, stack(0x000000c3a8200000,0x000000c3a8300000) (1024K)]
  0x0000025b87733cb0 WorkerThread "GC Thread#3"                     [id=7476, stack(0x000000c3a8300000,0x000000c3a8400000) (1024K)]
  0x0000025b87734060 WorkerThread "GC Thread#4"                     [id=17720, stack(0x000000c3a8400000,0x000000c3a8500000) (1024K)]
  0x0000025b87734410 WorkerThread "GC Thread#5"                     [id=30100, stack(0x000000c3a8500000,0x000000c3a8600000) (1024K)]
  0x0000025b873eb2d0 WorkerThread "GC Thread#6"                     [id=16860, stack(0x000000c3a8600000,0x000000c3a8700000) (1024K)]
  0x0000025b871ac8f0 WorkerThread "GC Thread#7"                     [id=14536, stack(0x000000c3a8800000,0x000000c3a8900000) (1024K)]
Total: 10

Threads with active compile tasks:
C2 CompilerThread0  28740 3196       4       java.lang.invoke.MethodType::makeImpl (109 bytes)
Total: 1

VM state: not at safepoint (normal execution)

VM Mutex/Monitor currently owned by a thread: None

Heap address: 0x0000000080000000, size: 2048 MB, Compressed Oops mode: 32-bit

CDS archive(s) mapped at: [0x0000025b41000000-0x0000025b41ba0000-0x0000025b41ba0000), size 12189696, SharedBaseAddress: 0x0000025b41000000, ArchiveRelocationMode: 1.
Compressed class space mapped at: 0x0000025b42000000-0x0000025b82000000, reserved size: 1073741824
Narrow klass base: 0x0000025b41000000, Narrow klass shift: 0, Narrow klass range: 0x100000000

GC Precious Log:
 CardTable entry size: 512
 CPUs: 8 total, 8 available
 Memory: 7455M
 Large Page Support: Disabled
 NUMA Support: Disabled
 Compressed Oops: Enabled (32-bit)
 Alignments: Space 512K, Generation 512K, Heap 2M
 Heap Min Capacity: 100M
 Heap Initial Capacity: 100M
 Heap Max Capacity: 2G
 Pre-touch: Disabled
 Parallel Workers: 8

Heap:
 PSYoungGen      total 29184K, used 14882K [0x00000000d5580000, 0x00000000d7900000, 0x0000000100000000)
  eden space 25088K, 43% used [0x00000000d5580000,0x00000000d60091b0,0x00000000d6e00000)
  from space 4096K, 99% used [0x00000000d6e80000,0x00000000d727f9f0,0x00000000d7280000)
  to   space 5632K, 0% used [0x00000000d7380000,0x00000000d7380000,0x00000000d7900000)
 ParOldGen       total 68608K, used 8068K [0x0000000080000000, 0x0000000084300000, 0x00000000d5580000)
  object space 68608K, 11% used [0x0000000080000000,0x00000000807e1260,0x0000000084300000)
 Metaspace       used 17158K, committed 17792K, reserved 1114112K
  class space    used 1790K, committed 2048K, reserved 1048576K

Card table byte_map: [0x0000025b294e0000,0x0000025b298f0000] _byte_map_base: 0x0000025b290e0000

Marking Bits: (ParMarkBitMap*) 0x00007ffb73e73450
 Begin Bits: [0x0000025b3bff0000, 0x0000025b3dff0000)
 End Bits:   [0x0000025b3dff0000, 0x0000025b3fff0000)

Polling page: 0x0000025b279e0000

Metaspace:

Usage:
  Non-class:     15.01 MB used.
      Class:      1.75 MB used.
       Both:     16.76 MB used.

Virtual space:
  Non-class space:       64.00 MB reserved,      15.38 MB ( 24%) committed,  1 nodes.
      Class space:        1.00 GB reserved,       2.00 MB ( <1%) committed,  1 nodes.
             Both:        1.06 GB reserved,      17.38 MB (  2%) committed. 

Chunk freelists:
   Non-Class:  642.00 KB
       Class:  13.83 MB
        Both:  14.45 MB

MaxMetaspaceSize: unlimited
CompressedClassSpaceSize: 1.00 GB
Initial GC threshold: 21.00 MB
Current GC threshold: 21.00 MB
CDS: on
 - commit_granule_bytes: 65536.
 - commit_granule_words: 8192.
 - virtual_space_node_default_size: 8388608.
 - enlarge_chunks_in_place: 1.
 - use_allocation_guard: 0.


Internal statistics:

num_allocs_failed_limit: 0.
num_arena_births: 494.
num_arena_deaths: 0.
num_vsnodes_births: 2.
num_vsnodes_deaths: 0.
num_space_committed: 278.
num_space_uncommitted: 0.
num_chunks_returned_to_freelist: 0.
num_chunks_taken_from_freelist: 1111.
num_chunk_merges: 0.
num_chunk_splits: 701.
num_chunks_enlarged: 447.
num_inconsistent_stats: 0.

CodeHeap 'non-profiled nmethods': size=120000Kb used=1410Kb max_used=1410Kb free=118589Kb
 bounds [0x0000025b34810000, 0x0000025b34a80000, 0x0000025b3bd40000]
CodeHeap 'profiled nmethods': size=120000Kb used=6621Kb max_used=6621Kb free=113378Kb
 bounds [0x0000025b2cd40000, 0x0000025b2d3c0000, 0x0000025b34270000]
CodeHeap 'non-nmethods': size=5760Kb used=1271Kb max_used=1286Kb free=4488Kb
 bounds [0x0000025b34270000, 0x0000025b344e0000, 0x0000025b34810000]
CodeCache: size=245760Kb, used=9302Kb, max_used=9317Kb, free=236455Kb
 total_blobs=3795, nmethods=3248, adapters=453, full_count=0
Compilation: enabled, stopped_count=0, restarted_count=0

Compilation events (20 events):
Event: 20.481 Thread 0x0000025b8704ffe0 nmethod 3209 0x0000025b2d3a5790 code [0x0000025b2d3a5b40, 0x0000025b2d3a76e8]
Event: 20.481 Thread 0x0000025b8704ffe0 3210       3       java.lang.reflect.AccessibleObject::slowVerifyAccess (67 bytes)
Event: 20.482 Thread 0x0000025b8704ffe0 nmethod 3210 0x0000025b2d3a8190 code [0x0000025b2d3a83a0, 0x0000025b2d3a8a20]
Event: 20.516 Thread 0x0000025b8704ffe0 3212       3       java.lang.invoke.MemberName::asSpecial (89 bytes)
Event: 20.518 Thread 0x0000025b8704ffe0 nmethod 3212 0x0000025b2d3a8c10 code [0x0000025b2d3a8ee0, 0x0000025b2d3a9b48]
Event: 20.524 Thread 0x0000025b8704ffe0 3213       3       java.util.concurrent.ConcurrentLinkedQueue::<init> (21 bytes)
Event: 20.525 Thread 0x0000025b8704ffe0 nmethod 3213 0x0000025b2d3a9f90 code [0x0000025b2d3aa160, 0x0000025b2d3aa4d8]
Event: 20.525 Thread 0x0000025b8704ffe0 3214       3       java.util.concurrent.ConcurrentLinkedQueue$Node::<init> (5 bytes)
Event: 20.525 Thread 0x0000025b8704ffe0 nmethod 3214 0x0000025b2d3aa690 code [0x0000025b2d3aa840, 0x0000025b2d3aa9a8]
Event: 20.526 Thread 0x0000025b8704ffe0 3216       3       java.lang.invoke.InfoFromMemberName::getModifiers (8 bytes)
Event: 20.526 Thread 0x0000025b8704ffe0 nmethod 3216 0x0000025b2d3aaa90 code [0x0000025b2d3aac40, 0x0000025b2d3aadb8]
Event: 20.535 Thread 0x0000025b8704ffe0 3220       3       java.lang.StringBuilder::setLength (6 bytes)
Event: 20.536 Thread 0x0000025b8704ffe0 nmethod 3220 0x0000025b2d3aae90 code [0x0000025b2d3ab040, 0x0000025b2d3ab180]
Event: 20.537 Thread 0x0000025b8704ffe0 3221   !   3       java.lang.invoke.LambdaForm::compileToBytecode (164 bytes)
Event: 20.538 Thread 0x0000025b8704ffe0 nmethod 3221 0x0000025b2d3ab210 code [0x0000025b2d3ab480, 0x0000025b2d3abd20]
Event: 20.769 Thread 0x0000025b8704ffe0 3225       3       java.util.concurrent.locks.AbstractQueuedSynchronizer::tryAcquireSharedNanos (62 bytes)
Event: 20.770 Thread 0x0000025b8704ffe0 nmethod 3225 0x0000025b2d3ac010 code [0x0000025b2d3ac240, 0x0000025b2d3ac930]
Event: 21.144 Thread 0x0000025b8704ffe0 3226       3       jdk.internal.misc.Unsafe::putIntOpaque (9 bytes)
Event: 21.144 Thread 0x0000025b8704ffe0 nmethod 3226 0x0000025b2d3acb10 code [0x0000025b2d3acca0, 0x0000025b2d3acdb8]
Event: 22.467 Thread 0x0000025b8704ffe0 3227       3       org.osgi.util.tracker.ServiceTracker::getService (33 bytes)

GC Heap History (10 events):
Event: 3.804 GC heap before
{Heap before GC invocations=1 (full 0):
 PSYoungGen      total 29696K, used 25600K [0x00000000d5580000, 0x00000000d7680000, 0x0000000100000000)
  eden space 25600K, 100% used [0x00000000d5580000,0x00000000d6e80000,0x00000000d6e80000)
  from space 4096K, 0% used [0x00000000d7280000,0x00000000d7280000,0x00000000d7680000)
  to   space 4096K, 0% used [0x00000000d6e80000,0x00000000d6e80000,0x00000000d7280000)
 ParOldGen       total 68608K, used 0K [0x0000000080000000, 0x0000000084300000, 0x00000000d5580000)
  object space 68608K, 0% used [0x0000000080000000,0x0000000080000000,0x0000000084300000)
 Metaspace       used 4362K, committed 4608K, reserved 1114112K
  class space    used 474K, committed 576K, reserved 1048576K
}
Event: 3.814 GC heap after
{Heap after GC invocations=1 (full 0):
 PSYoungGen      total 29696K, used 3303K [0x00000000d5580000, 0x00000000d7680000, 0x0000000100000000)
  eden space 25600K, 0% used [0x00000000d5580000,0x00000000d5580000,0x00000000d6e80000)
  from space 4096K, 80% used [0x00000000d6e80000,0x00000000d71b9e98,0x00000000d7280000)
  to   space 4096K, 0% used [0x00000000d7280000,0x00000000d7280000,0x00000000d7680000)
 ParOldGen       total 68608K, used 16K [0x0000000080000000, 0x0000000084300000, 0x00000000d5580000)
  object space 68608K, 0% used [0x0000000080000000,0x0000000080004000,0x0000000084300000)
 Metaspace       used 4362K, committed 4608K, reserved 1114112K
  class space    used 474K, committed 576K, reserved 1048576K
}
Event: 7.550 GC heap before
{Heap before GC invocations=2 (full 0):
 PSYoungGen      total 29696K, used 28903K [0x00000000d5580000, 0x00000000d7680000, 0x0000000100000000)
  eden space 25600K, 100% used [0x00000000d5580000,0x00000000d6e80000,0x00000000d6e80000)
  from space 4096K, 80% used [0x00000000d6e80000,0x00000000d71b9e98,0x00000000d7280000)
  to   space 4096K, 0% used [0x00000000d7280000,0x00000000d7280000,0x00000000d7680000)
 ParOldGen       total 68608K, used 16K [0x0000000080000000, 0x0000000084300000, 0x00000000d5580000)
  object space 68608K, 0% used [0x0000000080000000,0x0000000080004000,0x0000000084300000)
 Metaspace       used 8017K, committed 8320K, reserved 1114112K
  class space    used 829K, committed 960K, reserved 1048576K
}
Event: 7.563 GC heap after
{Heap after GC invocations=2 (full 0):
 PSYoungGen      total 29696K, used 4070K [0x00000000d5580000, 0x00000000d7680000, 0x0000000100000000)
  eden space 25600K, 0% used [0x00000000d5580000,0x00000000d5580000,0x00000000d6e80000)
  from space 4096K, 99% used [0x00000000d7280000,0x00000000d7679820,0x00000000d7680000)
  to   space 4096K, 0% used [0x00000000d6e80000,0x00000000d6e80000,0x00000000d7280000)
 ParOldGen       total 68608K, used 2101K [0x0000000080000000, 0x0000000084300000, 0x00000000d5580000)
  object space 68608K, 3% used [0x0000000080000000,0x000000008020d658,0x0000000084300000)
 Metaspace       used 8017K, committed 8320K, reserved 1114112K
  class space    used 829K, committed 960K, reserved 1048576K
}
Event: 9.182 GC heap before
{Heap before GC invocations=3 (full 0):
 PSYoungGen      total 29696K, used 29670K [0x00000000d5580000, 0x00000000d7680000, 0x0000000100000000)
  eden space 25600K, 100% used [0x00000000d5580000,0x00000000d6e80000,0x00000000d6e80000)
  from space 4096K, 99% used [0x00000000d7280000,0x00000000d7679820,0x00000000d7680000)
  to   space 4096K, 0% used [0x00000000d6e80000,0x00000000d6e80000,0x00000000d7280000)
 ParOldGen       total 68608K, used 2101K [0x0000000080000000, 0x0000000084300000, 0x00000000d5580000)
  object space 68608K, 3% used [0x0000000080000000,0x000000008020d658,0x0000000084300000)
 Metaspace       used 9488K, committed 9792K, reserved 1114112K
  class space    used 1009K, committed 1152K, reserved 1048576K
}
Event: 9.190 GC heap after
{Heap after GC invocations=3 (full 0):
 PSYoungGen      total 29696K, used 4077K [0x00000000d5580000, 0x00000000d7680000, 0x0000000100000000)
  eden space 25600K, 0% used [0x00000000d5580000,0x00000000d5580000,0x00000000d6e80000)
  from space 4096K, 99% used [0x00000000d6e80000,0x00000000d727b4f0,0x00000000d7280000)
  to   space 4096K, 0% used [0x00000000d7280000,0x00000000d7280000,0x00000000d7680000)
 ParOldGen       total 68608K, used 4893K [0x0000000080000000, 0x0000000084300000, 0x00000000d5580000)
  object space 68608K, 7% used [0x0000000080000000,0x00000000804c7428,0x0000000084300000)
 Metaspace       used 9488K, committed 9792K, reserved 1114112K
  class space    used 1009K, committed 1152K, reserved 1048576K
}
Event: 12.087 GC heap before
{Heap before GC invocations=4 (full 0):
 PSYoungGen      total 29696K, used 29677K [0x00000000d5580000, 0x00000000d7680000, 0x0000000100000000)
  eden space 25600K, 100% used [0x00000000d5580000,0x00000000d6e80000,0x00000000d6e80000)
  from space 4096K, 99% used [0x00000000d6e80000,0x00000000d727b4f0,0x00000000d7280000)
  to   space 4096K, 0% used [0x00000000d7280000,0x00000000d7280000,0x00000000d7680000)
 ParOldGen       total 68608K, used 4893K [0x0000000080000000, 0x0000000084300000, 0x00000000d5580000)
  object space 68608K, 7% used [0x0000000080000000,0x00000000804c7428,0x0000000084300000)
 Metaspace       used 11606K, committed 11968K, reserved 1114112K
  class space    used 1220K, committed 1408K, reserved 1048576K
}
Event: 12.096 GC heap after
{Heap after GC invocations=4 (full 0):
 PSYoungGen      total 29696K, used 4092K [0x00000000d5580000, 0x00000000d7680000, 0x0000000100000000)
  eden space 25600K, 0% used [0x00000000d5580000,0x00000000d5580000,0x00000000d6e80000)
  from space 4096K, 99% used [0x00000000d7280000,0x00000000d767f1c0,0x00000000d7680000)
  to   space 4096K, 0% used [0x00000000d6e80000,0x00000000d6e80000,0x00000000d7280000)
 ParOldGen       total 68608K, used 6940K [0x0000000080000000, 0x0000000084300000, 0x00000000d5580000)
  object space 68608K, 10% used [0x0000000080000000,0x00000000806c7240,0x0000000084300000)
 Metaspace       used 11606K, committed 11968K, reserved 1114112K
  class space    used 1220K, committed 1408K, reserved 1048576K
}
Event: 14.819 GC heap before
{Heap before GC invocations=5 (full 0):
 PSYoungGen      total 29696K, used 29692K [0x00000000d5580000, 0x00000000d7680000, 0x0000000100000000)
  eden space 25600K, 100% used [0x00000000d5580000,0x00000000d6e80000,0x00000000d6e80000)
  from space 4096K, 99% used [0x00000000d7280000,0x00000000d767f1c0,0x00000000d7680000)
  to   space 4096K, 0% used [0x00000000d6e80000,0x00000000d6e80000,0x00000000d7280000)
 ParOldGen       total 68608K, used 6940K [0x0000000080000000, 0x0000000084300000, 0x00000000d5580000)
  object space 68608K, 10% used [0x0000000080000000,0x00000000806c7240,0x0000000084300000)
 Metaspace       used 15561K, committed 16256K, reserved 1114112K
  class space    used 1609K, committed 1920K, reserved 1048576K
}
Event: 14.825 GC heap after
{Heap after GC invocations=5 (full 0):
 PSYoungGen      total 29184K, used 4094K [0x00000000d5580000, 0x00000000d7900000, 0x0000000100000000)
  eden space 25088K, 0% used [0x00000000d5580000,0x00000000d5580000,0x00000000d6e00000)
  from space 4096K, 99% used [0x00000000d6e80000,0x00000000d727f9f0,0x00000000d7280000)
  to   space 5632K, 0% used [0x00000000d7380000,0x00000000d7380000,0x00000000d7900000)
 ParOldGen       total 68608K, used 8068K [0x0000000080000000, 0x0000000084300000, 0x00000000d5580000)
  object space 68608K, 11% used [0x0000000080000000,0x00000000807e1260,0x0000000084300000)
 Metaspace       used 15561K, committed 16256K, reserved 1114112K
  class space    used 1609K, committed 1920K, reserved 1048576K
}

Dll operation events (10 events):
Event: 0.030 Loaded shared library c:\Users\gimji\.vscode\extensions\redhat.java-1.54.0-win32-x64\jre\21.0.10-win32-x86_64\bin\java.dll
Event: 0.280 Loaded shared library c:\Users\gimji\.vscode\extensions\redhat.java-1.54.0-win32-x64\jre\21.0.10-win32-x86_64\bin\zip.dll
Event: 0.352 Loaded shared library C:\Users\gimji\.vscode\extensions\redhat.java-1.54.0-win32-x64\jre\21.0.10-win32-x86_64\bin\instrument.dll
Event: 0.379 Loaded shared library C:\Users\gimji\.vscode\extensions\redhat.java-1.54.0-win32-x64\jre\21.0.10-win32-x86_64\bin\net.dll
Event: 0.384 Loaded shared library C:\Users\gimji\.vscode\extensions\redhat.java-1.54.0-win32-x64\jre\21.0.10-win32-x86_64\bin\nio.dll
Event: 0.391 Loaded shared library C:\Users\gimji\.vscode\extensions\redhat.java-1.54.0-win32-x64\jre\21.0.10-win32-x86_64\bin\zip.dll
Event: 0.442 Loaded shared library C:\Users\gimji\.vscode\extensions\redhat.java-1.54.0-win32-x64\jre\21.0.10-win32-x86_64\bin\jimage.dll
Event: 0.732 Loaded shared library c:\Users\gimji\.vscode\extensions\redhat.java-1.54.0-win32-x64\jre\21.0.10-win32-x86_64\bin\verify.dll
Event: 7.774 Loaded shared library C:\Users\gimji\AppData\Roaming\Code\User\globalStorage\redhat.java\1.54.0\config_win\org.eclipse.equinox.launcher\org.eclipse.equinox.launcher.win32.win32.x86_64_1.3.0.v20260203-2149\eclipse_11919.dll
Event: 20.141 Loaded shared library C:\Users\gimji\AppData\Local\Temp\jna-98358858\jna3426570332697544551.dll

Deoptimization events (20 events):
Event: 14.865 Thread 0x0000025b87282fa0 DEOPT PACKING pc=0x0000025b34942048 sp=0x000000c3a8bf9940
Event: 14.865 Thread 0x0000025b87282fa0 DEOPT UNPACKING pc=0x0000025b342c3aa2 sp=0x000000c3a8bf9820 mode 2
Event: 14.963 Thread 0x0000025b87282fa0 DEOPT PACKING pc=0x0000025b2d36ec3e sp=0x000000c3a8bf8600
Event: 14.963 Thread 0x0000025b87282fa0 DEOPT UNPACKING pc=0x0000025b342c4242 sp=0x000000c3a8bf7b40 mode 0
Event: 15.108 Thread 0x0000025b87282fa0 Uncommon trap: trap_request=0xffffff45 fr.pc=0x0000025b34897404 relative=0x00000000000005c4
Event: 15.108 Thread 0x0000025b87282fa0 Uncommon trap: reason=unstable_if action=reinterpret pc=0x0000025b34897404 method=java.io.BufferedInputStream.implRead([BII)I @ 55 c2
Event: 15.108 Thread 0x0000025b87282fa0 DEOPT PACKING pc=0x0000025b34897404 sp=0x000000c3a8bf92e0
Event: 15.108 Thread 0x0000025b87282fa0 DEOPT UNPACKING pc=0x0000025b342c3aa2 sp=0x000000c3a8bf92b8 mode 2
Event: 15.187 Thread 0x0000025b87282fa0 Uncommon trap: trap_request=0xffffff45 fr.pc=0x0000025b348d1894 relative=0x0000000000000234
Event: 15.187 Thread 0x0000025b87282fa0 Uncommon trap: reason=unstable_if action=reinterpret pc=0x0000025b348d1894 method=java.io.WinNTFileSystem.normalize(Ljava/lang/String;)Ljava/lang/String; @ 128 c2
Event: 15.187 Thread 0x0000025b87282fa0 DEOPT PACKING pc=0x0000025b348d1894 sp=0x000000c3a8bf7a70
Event: 15.187 Thread 0x0000025b87282fa0 DEOPT UNPACKING pc=0x0000025b342c3aa2 sp=0x000000c3a8bf79e8 mode 2
Event: 15.209 Thread 0x0000025b87282fa0 Uncommon trap: trap_request=0xffffff45 fr.pc=0x0000025b3484b98c relative=0x000000000000064c
Event: 15.209 Thread 0x0000025b87282fa0 Uncommon trap: reason=unstable_if action=reinterpret pc=0x0000025b3484b98c method=java.lang.String.replace(Ljava/lang/CharSequence;Ljava/lang/CharSequence;)Ljava/lang/String; @ 42 c2
Event: 15.209 Thread 0x0000025b87282fa0 DEOPT PACKING pc=0x0000025b3484b98c sp=0x000000c3a8bf7b70
Event: 15.209 Thread 0x0000025b87282fa0 DEOPT UNPACKING pc=0x0000025b342c3aa2 sp=0x000000c3a8bf7ae0 mode 2
Event: 20.467 Thread 0x0000025b87282fa0 Uncommon trap: trap_request=0xffffffc6 fr.pc=0x0000025b348c7fbc relative=0x0000000000000b5c
Event: 20.467 Thread 0x0000025b87282fa0 Uncommon trap: reason=bimorphic_or_optimized_type_check action=maybe_recompile pc=0x0000025b348c7fbc method=java.util.HashMap.putVal(ILjava/lang/Object;Ljava/lang/Object;ZZ)Ljava/lang/Object; @ 91 c2
Event: 20.467 Thread 0x0000025b87282fa0 DEOPT PACKING pc=0x0000025b348c7fbc sp=0x000000c3a8bf81e0
Event: 20.467 Thread 0x0000025b87282fa0 DEOPT UNPACKING pc=0x0000025b342c3aa2 sp=0x000000c3a8bf8108 mode 2

Classes loaded (20 events):
Event: 20.159 Loading class jdk/internal/loader/NativeLibraries$Unloader
Event: 20.160 Loading class jdk/internal/loader/NativeLibraries$Unloader done
Event: 20.337 Loading class java/lang/annotation/Documented
Event: 20.342 Loading class java/lang/annotation/Documented done
Event: 20.352 Loading class java/lang/reflect/UndeclaredThrowableException
Event: 20.353 Loading class java/lang/reflect/UndeclaredThrowableException done
Event: 20.356 Loading class java/lang/Class$AnnotationData
Event: 20.359 Loading class java/lang/Class$AnnotationData done
Event: 20.365 Loading class jdk/internal/reflect/MethodHandleIntegerFieldAccessorImpl
Event: 20.366 Loading class jdk/internal/reflect/MethodHandleIntegerFieldAccessorImpl done
Event: 20.423 Loading class java/io/PrintWriter
Event: 20.444 Loading class java/io/PrintWriter done
Event: 20.458 Loading class jdk/internal/reflect/MethodHandleShortFieldAccessorImpl
Event: 20.465 Loading class jdk/internal/reflect/MethodHandleShortFieldAccessorImpl done
Event: 20.465 Loading class java/lang/Short$ShortCache
Event: 20.466 Loading class java/lang/Short$ShortCache done
Event: 20.531 Loading class java/util/function/LongUnaryOperator
Event: 20.532 Loading class java/util/function/LongUnaryOperator done
Event: 20.534 Loading class java/lang/ThreadDeath
Event: 20.535 Loading class java/lang/ThreadDeath done

Classes unloaded (0 events):
No events

Classes redefined (0 events):
No events

Internal exceptions (20 events):
Event: 14.099 Thread 0x0000025b87282fa0 Exception <a 'java/lang/NoSuchMethodError'{0x00000000d602ddd8}: 'java.lang.Object java.lang.invoke.Invokers$Holder.linkToTargetMethod(java.lang.Object, long, java.lang.Object)'> (0x00000000d602ddd8) 
thrown [s\src\hotspot\share\interpreter\linkResolver.cpp, line 773]
Event: 14.302 Thread 0x0000025b87282fa0 Exception <a 'java/lang/NoSuchMethodError'{0x00000000d656f9a0}: 'void java.lang.invoke.Invokers$Holder.invokeExact_MT(java.lang.Object, java.lang.Object, java.lang.Object)'> (0x00000000d656f9a0) 
thrown [s\src\hotspot\share\interpreter\linkResolver.cpp, line 773]
Event: 14.491 Thread 0x0000025b87282fa0 Exception <a 'java/lang/NoSuchMethodError'{0x00000000d686ee00}: 'java.lang.Object java.lang.invoke.DirectMethodHandle$Holder.invokeVirtual(java.lang.Object, java.lang.Object, java.lang.Object)'> (0x00000000d686ee00) 
thrown [s\src\hotspot\share\interpreter\linkResolver.cpp, line 773]
Event: 14.498 Thread 0x0000025b87282fa0 Exception <a 'java/lang/NoSuchMethodError'{0x00000000d6886898}: 'java.lang.Object java.lang.invoke.DelegatingMethodHandle$Holder.reinvoke_L(java.lang.Object, java.lang.Object, java.lang.Object, java.lang.Object, int, int)'> (0x00000000d6886898) 
thrown [s\src\hotspot\share\interpreter\linkResolver.cpp, line 773]
Event: 14.506 Thread 0x0000025b87282fa0 Exception <a 'java/lang/NoSuchMethodError'{0x00000000d68a2cd0}: 'java.lang.Object java.lang.invoke.DirectMethodHandle$Holder.newInvokeSpecial(java.lang.Object, java.lang.Object, java.lang.Object, java.lang.Object, java.lang.Object, java.lang.Object)'> (0x00000000d68a2cd0) 
thrown [s\src\hotspot\share\interpreter\linkResolver.cpp, line 773]
Event: 14.520 Thread 0x0000025b87282fa0 Exception <a 'java/lang/NoSuchMethodError'{0x00000000d68ce830}: 'void java.lang.invoke.Invokers$Holder.invokeExact_MT(java.lang.Object, java.lang.Object, java.lang.Object, java.lang.Object)'> (0x00000000d68ce830) 
thrown [s\src\hotspot\share\interpreter\linkResolver.cpp, line 773]
Event: 14.691 Thread 0x0000025b87282fa0 Exception <a 'java/io/FileNotFoundException'{0x00000000d6b9b320}> (0x00000000d6b9b320) 
thrown [s\src\hotspot\share\prims\jni.cpp, line 520]
Event: 14.693 Thread 0x0000025b87282fa0 Exception <a 'java/io/FileNotFoundException'{0x00000000d6ba2510}> (0x00000000d6ba2510) 
thrown [s\src\hotspot\share\prims\jni.cpp, line 520]
Event: 14.839 Thread 0x0000025b87282fa0 Exception <a 'java/lang/NoSuchMethodError'{0x00000000d558ae58}: 'java.lang.Object java.lang.invoke.DirectMethodHandle$Holder.newInvokeSpecial(java.lang.Object, java.lang.Object, java.lang.Object, java.lang.Object, java.lang.Object)'> (0x00000000d558ae58) 
thrown [s\src\hotspot\share\interpreter\linkResolver.cpp, line 773]
Event: 14.973 Thread 0x0000025b87282fa0 Exception <a 'java/lang/NoSuchMethodError'{0x00000000d57763c0}: 'java.lang.Object java.lang.invoke.DirectMethodHandle$Holder.invokeStaticInit(java.lang.Object, int)'> (0x00000000d57763c0) 
thrown [s\src\hotspot\share\interpreter\linkResolver.cpp, line 773]
Event: 15.225 Thread 0x0000025b87282fa0 Exception <a 'java/lang/NoSuchMethodError'{0x00000000d59f35e0}: 'java.lang.Object java.lang.invoke.DirectMethodHandle$Holder.invokeStaticInit(java.lang.Object, int, int, int, int)'> (0x00000000d59f35e0) 
thrown [s\src\hotspot\share\interpreter\linkResolver.cpp, line 773]
Event: 15.669 Thread 0x0000025b87282fa0 Exception <a 'java/lang/NoSuchMethodError'{0x00000000d5b480a8}: 'java.lang.Object java.lang.invoke.DirectMethodHandle$Holder.invokeStaticInit(java.lang.Object, java.lang.Object, int, int, int, int)'> (0x00000000d5b480a8) 
thrown [s\src\hotspot\share\interpreter\linkResolver.cpp, line 773]
Event: 20.367 Thread 0x0000025b87282fa0 Exception <a 'java/lang/NoSuchMethodError'{0x00000000d5cadc68}: 'void java.lang.invoke.DirectMethodHandle$Holder.invokeSpecial(java.lang.Object, java.lang.Object, java.lang.Object, int)'> (0x00000000d5cadc68) 
thrown [s\src\hotspot\share\interpreter\linkResolver.cpp, line 773]
Event: 20.367 Thread 0x0000025b87282fa0 Exception <a 'java/lang/NoSuchMethodError'{0x00000000d5cb15f8}: 'void java.lang.invoke.DelegatingMethodHandle$Holder.reinvoke_L(java.lang.Object, java.lang.Object, int)'> (0x00000000d5cb15f8) 
thrown [s\src\hotspot\share\interpreter\linkResolver.cpp, line 773]
Event: 20.369 Thread 0x0000025b87282fa0 Exception <a 'java/lang/NoSuchMethodError'{0x00000000d5cb82e0}: 'int java.lang.invoke.Invokers$Holder.invokeExact_MT(java.lang.Object, java.lang.Object, java.lang.Object)'> (0x00000000d5cb82e0) 
thrown [s\src\hotspot\share\interpreter\linkResolver.cpp, line 773]
Event: 20.477 Thread 0x0000025b87282fa0 Exception <a 'java/lang/NoSuchMethodError'{0x00000000d5ddd4c0}: 'void java.lang.invoke.Invokers$Holder.invokeExact_MT(java.lang.Object, java.lang.Object, int, java.lang.Object)'> (0x00000000d5ddd4c0) 
thrown [s\src\hotspot\share\interpreter\linkResolver.cpp, line 773]
Event: 20.525 Thread 0x0000025b87282fa0 Exception <a 'java/lang/NoSuchMethodError'{0x00000000d5ee7f60}: 'java.lang.Object java.lang.invoke.DirectMethodHandle$Holder.invokeSpecial(java.lang.Object, java.lang.Object, java.lang.Object, long, java.lang.Object)'> (0x00000000d5ee7f60) 
thrown [s\src\hotspot\share\interpreter\linkResolver.cpp, line 773]
Event: 20.527 Thread 0x0000025b87282fa0 Exception <a 'java/lang/NoSuchMethodError'{0x00000000d5eef7a8}: 'java.lang.Object java.lang.invoke.DirectMethodHandle$Holder.newInvokeSpecial(java.lang.Object, java.lang.Object, java.lang.Object, long)'> (0x00000000d5eef7a8) 
thrown [s\src\hotspot\share\interpreter\linkResolver.cpp, line 773]
Event: 20.528 Thread 0x0000025b87282fa0 Exception <a 'java/lang/NoSuchMethodError'{0x00000000d5ef3b58}: 'java.lang.Object java.lang.invoke.DirectMethodHandle$Holder.invokeSpecial(java.lang.Object, java.lang.Object, java.lang.Object, java.lang.Object, long)'> (0x00000000d5ef3b58) 
thrown [s\src\hotspot\share\interpreter\linkResolver.cpp, line 773]
Event: 20.529 Thread 0x0000025b87282fa0 Exception <a 'java/lang/NoSuchMethodError'{0x00000000d5ef7778}: 'java.lang.Object java.lang.invoke.Invokers$Holder.linkToTargetMethod(java.lang.Object, java.lang.Object, long, java.lang.Object)'> (0x00000000d5ef7778) 
thrown [s\src\hotspot\share\interpreter\linkResolver.cpp, line 773]

ZGC Phase Switch (0 events):
No events

VM Operations (20 events):
Event: 12.070 Executing non-safepoint VM operation: HandshakeAllThreads (Deoptimize) done
Event: 12.087 Executing safepoint VM operation: ParallelGCFailedAllocation (Allocation Failure)
Event: 12.096 Executing safepoint VM operation: ParallelGCFailedAllocation (Allocation Failure) done
Event: 13.104 Executing safepoint VM operation: Cleanup
Event: 13.104 Executing safepoint VM operation: Cleanup done
Event: 14.107 Executing safepoint VM operation: Cleanup
Event: 14.107 Executing safepoint VM operation: Cleanup done
Event: 14.723 Executing non-safepoint VM operation: HandshakeAllThreads (Deoptimize)
Event: 14.723 Executing non-safepoint VM operation: HandshakeAllThreads (Deoptimize) done
Event: 14.819 Executing safepoint VM operation: ParallelGCFailedAllocation (Allocation Failure)
Event: 14.825 Executing safepoint VM operation: ParallelGCFailedAllocation (Allocation Failure) done
Event: 15.349 Executing non-safepoint VM operation: HandshakeAllThreads (Deoptimize)
Event: 15.349 Executing non-safepoint VM operation: HandshakeAllThreads (Deoptimize) done
Event: 16.357 Executing safepoint VM operation: Cleanup
Event: 16.357 Executing safepoint VM operation: Cleanup done
Event: 19.364 Executing safepoint VM operation: Cleanup
Event: 19.364 Executing safepoint VM operation: Cleanup done
Event: 20.223 Executing non-safepoint VM operation: HandshakeAllThreads (Deoptimize)
Event: 20.223 Executing non-safepoint VM operation: HandshakeAllThreads (Deoptimize) done
Event: 21.223 Executing safepoint VM operation: Cleanup

Memory protections (0 events):
No events

Nmethod flushes (0 events):
No events

Events (20 events):
Event: 0.113 Thread 0x0000025b29b3f520 Thread added: 0x0000025b405bc9b0
Event: 0.114 Thread 0x0000025b29b3f520 Thread added: 0x0000025b405bd410
Event: 0.114 Thread 0x0000025b29b3f520 Thread added: 0x0000025b405c01b0
Event: 0.119 Thread 0x0000025b29b3f520 Thread added: 0x0000025b8704ffe0
Event: 0.371 Thread 0x0000025b29b3f520 Thread added: 0x0000025b871c0ac0
Event: 1.076 Thread 0x0000025b29b3f520 Thread added: 0x0000025b872576b0
Event: 3.208 Thread 0x0000025b8704ffe0 Thread added: 0x0000025b873a5120
Event: 3.474 Thread 0x0000025b873a5120 Thread exited: 0x0000025b873a5120
Event: 5.487 Thread 0x0000025b8704ffe0 Thread added: 0x0000025b8733f770
Event: 5.682 Thread 0x0000025b8733f770 Thread exited: 0x0000025b8733f770
Event: 6.595 Thread 0x0000025b29b3f520 Thread added: 0x0000025b87706ec0
Event: 7.107 Thread 0x0000025b8704ffe0 Thread added: 0x0000025b87118340
Event: 7.255 Thread 0x0000025b87118340 Thread exited: 0x0000025b87118340
Event: 7.749 Thread 0x0000025b29b3f520 Thread added: 0x0000025b87642720
Event: 7.867 Thread 0x0000025b87642720 Thread added: 0x0000025b87282520
Event: 7.880 Thread 0x0000025b29b3f520 Thread added: 0x0000025b87282fa0
Event: 9.392 Thread 0x0000025b87282fa0 Thread added: 0x0000025b8806ae00
Event: 12.023 Thread 0x0000025b87282fa0 Thread added: 0x0000025b87e06640
Event: 14.241 Thread 0x0000025b87282fa0 Thread added: 0x0000025b87b07d80
Event: 20.420 Thread 0x0000025b87282fa0 Thread added: 0x0000025b887803f0


Dynamic libraries:
0x00007ff7d7f40000 - 0x00007ff7d7f4e000 	c:\Users\gimji\.vscode\extensions\redhat.java-1.54.0-win32-x64\jre\21.0.10-win32-x86_64\bin\java.exe
0x00007ffbb18c0000 - 0x00007ffbb1b27000 	C:\WINDOWS\SYSTEM32\ntdll.dll
0x00007ffbafd20000 - 0x00007ffbafde9000 	C:\WINDOWS\System32\KERNEL32.DLL
0x00007ffbaf0e0000 - 0x00007ffbaf4d4000 	C:\WINDOWS\System32\KERNELBASE.dll
0x00007ffbaef90000 - 0x00007ffbaf0db000 	C:\WINDOWS\System32\ucrtbase.dll
0x00007ffba9e40000 - 0x00007ffba9e58000 	c:\Users\gimji\.vscode\extensions\redhat.java-1.54.0-win32-x64\jre\21.0.10-win32-x86_64\bin\jli.dll
0x00007ffba9680000 - 0x00007ffba969e000 	c:\Users\gimji\.vscode\extensions\redhat.java-1.54.0-win32-x64\jre\21.0.10-win32-x86_64\bin\VCRUNTIME140.dll
0x00007ffbb14d0000 - 0x00007ffbb1695000 	C:\WINDOWS\System32\USER32.dll
0x00007ffbaf620000 - 0x00007ffbaf647000 	C:\WINDOWS\System32\win32u.dll
0x00007ffb97c00000 - 0x00007ffb97e93000 	C:\WINDOWS\WinSxS\amd64_microsoft.windows.common-controls_6595b64144ccf1df_6.0.26100.8115_none_3e075c82e3354f9c\COMCTL32.dll
0x00007ffbb0e80000 - 0x00007ffbb0f29000 	C:\WINDOWS\System32\msvcrt.dll
0x00007ffbb0d70000 - 0x00007ffbb0d9b000 	C:\WINDOWS\System32\GDI32.dll
0x00007ffbaecf0000 - 0x00007ffbaee1b000 	C:\WINDOWS\System32\gdi32full.dll
0x00007ffbaeee0000 - 0x00007ffbaef83000 	C:\WINDOWS\System32\msvcp_win.dll
0x00007ffbafa30000 - 0x00007ffbafa62000 	C:\WINDOWS\System32\IMM32.DLL
0x00007ffba9e30000 - 0x00007ffba9e3c000 	c:\Users\gimji\.vscode\extensions\redhat.java-1.54.0-win32-x64\jre\21.0.10-win32-x86_64\bin\vcruntime140_1.dll
0x00007ffb8d6e0000 - 0x00007ffb8d76d000 	c:\Users\gimji\.vscode\extensions\redhat.java-1.54.0-win32-x64\jre\21.0.10-win32-x86_64\bin\msvcp140.dll
0x00007ffb731b0000 - 0x00007ffb73f51000 	c:\Users\gimji\.vscode\extensions\redhat.java-1.54.0-win32-x64\jre\21.0.10-win32-x86_64\bin\server\jvm.dll
0x00007ffbafac0000 - 0x00007ffbafb76000 	C:\WINDOWS\System32\ADVAPI32.dll
0x00007ffbafdf0000 - 0x00007ffbafe97000 	C:\WINDOWS\System32\sechost.dll
0x00007ffbaf910000 - 0x00007ffbafa28000 	C:\WINDOWS\System32\RPCRT4.dll
0x00007ffbaf880000 - 0x00007ffbaf900000 	C:\WINDOWS\System32\WS2_32.dll
0x00007ffba4110000 - 0x00007ffba4146000 	C:\WINDOWS\SYSTEM32\WINMM.dll
0x00007ffb9e8c0000 - 0x00007ffb9e8cb000 	C:\WINDOWS\SYSTEM32\VERSION.dll
0x00007ffbadf40000 - 0x00007ffbadf9e000 	C:\WINDOWS\SYSTEM32\POWRPROF.dll
0x00007ffbade20000 - 0x00007ffbade34000 	C:\WINDOWS\SYSTEM32\UMPDC.dll
0x00007ffbacf20000 - 0x00007ffbacf3b000 	C:\WINDOWS\SYSTEM32\kernel.appcore.dll
0x00007ffba9ae0000 - 0x00007ffba9aea000 	c:\Users\gimji\.vscode\extensions\redhat.java-1.54.0-win32-x64\jre\21.0.10-win32-x86_64\bin\jimage.dll
0x00007ffba3d30000 - 0x00007ffba3f72000 	C:\WINDOWS\SYSTEM32\DBGHELP.DLL
0x00007ffbafea0000 - 0x00007ffbb0222000 	C:\WINDOWS\System32\combase.dll
0x00007ffbb0da0000 - 0x00007ffbb0e78000 	C:\WINDOWS\System32\OLEAUT32.dll
0x00007ffb8e080000 - 0x00007ffb8e0bb000 	C:\WINDOWS\SYSTEM32\dbgcore.DLL
0x00007ffbaf4e0000 - 0x00007ffbaf585000 	C:\WINDOWS\System32\bcryptPrimitives.dll
0x00007ffba9650000 - 0x00007ffba965f000 	c:\Users\gimji\.vscode\extensions\redhat.java-1.54.0-win32-x64\jre\21.0.10-win32-x86_64\bin\instrument.dll
0x00007ffba95f0000 - 0x00007ffba9610000 	c:\Users\gimji\.vscode\extensions\redhat.java-1.54.0-win32-x64\jre\21.0.10-win32-x86_64\bin\java.dll
0x00007ffbb0290000 - 0x00007ffbb09f7000 	C:\WINDOWS\System32\SHELL32.dll
0x00007ffbaea00000 - 0x00007ffbaeb6a000 	C:\WINDOWS\System32\wintypes.dll
0x00007ffbae190000 - 0x00007ffbae9f8000 	C:\WINDOWS\System32\windows.storage.dll
0x00007ffbb0c70000 - 0x00007ffbb0d68000 	C:\WINDOWS\System32\SHCORE.dll
0x00007ffbafbf0000 - 0x00007ffbafc56000 	C:\WINDOWS\System32\shlwapi.dll
0x00007ffbae0b0000 - 0x00007ffbae0d9000 	C:\WINDOWS\SYSTEM32\profapi.dll
0x00007ffba9660000 - 0x00007ffba9678000 	c:\Users\gimji\.vscode\extensions\redhat.java-1.54.0-win32-x64\jre\21.0.10-win32-x86_64\bin\zip.dll
0x00007ffba9620000 - 0x00007ffba9630000 	C:\Users\gimji\.vscode\extensions\redhat.java-1.54.0-win32-x64\jre\21.0.10-win32-x86_64\bin\net.dll
0x00007ffba8860000 - 0x00007ffba898d000 	C:\WINDOWS\SYSTEM32\WINHTTP.dll
0x00007ffbad490000 - 0x00007ffbad4fc000 	C:\WINDOWS\system32\mswsock.dll
0x00007ffba41a0000 - 0x00007ffba41b6000 	C:\Users\gimji\.vscode\extensions\redhat.java-1.54.0-win32-x64\jre\21.0.10-win32-x86_64\bin\nio.dll
0x00007ffb9c440000 - 0x00007ffb9c450000 	c:\Users\gimji\.vscode\extensions\redhat.java-1.54.0-win32-x64\jre\21.0.10-win32-x86_64\bin\verify.dll
0x00007ffb8f630000 - 0x00007ffb8f675000 	C:\Users\gimji\AppData\Roaming\Code\User\globalStorage\redhat.java\1.54.0\config_win\org.eclipse.equinox.launcher\org.eclipse.equinox.launcher.win32.win32.x86_64_1.3.0.v20260203-2149\eclipse_11919.dll
0x00007ffbaf6d0000 - 0x00007ffbaf867000 	C:\WINDOWS\System32\ole32.dll
0x00007ffbad770000 - 0x00007ffbad78b000 	C:\WINDOWS\SYSTEM32\CRYPTSP.dll
0x00007ffbace80000 - 0x00007ffbaceb9000 	C:\WINDOWS\system32\rsaenh.dll
0x00007ffbad540000 - 0x00007ffbad573000 	C:\WINDOWS\SYSTEM32\USERENV.dll
0x00007ffbae080000 - 0x00007ffbae0aa000 	C:\WINDOWS\SYSTEM32\bcrypt.dll
0x00007ffbad790000 - 0x00007ffbad79c000 	C:\WINDOWS\SYSTEM32\CRYPTBASE.dll
0x00007ffbac900000 - 0x00007ffbac932000 	C:\WINDOWS\SYSTEM32\IPHLPAPI.DLL
0x00007ffbafbe0000 - 0x00007ffbafbea000 	C:\WINDOWS\System32\NSI.dll
0x00007ffb8d5c0000 - 0x00007ffb8d609000 	C:\Users\gimji\AppData\Local\Temp\jna-98358858\jna3426570332697544551.dll
0x00007ffbaf870000 - 0x00007ffbaf878000 	C:\WINDOWS\System32\PSAPI.DLL

JVMTI agents:
c:\Users\gimji\.vscode\extensions\redhat.java-1.54.0-win32-x64\lombok\lombok-1.18.39-4050.jar path:c:\Users\gimji\.vscode\extensions\redhat.java-1.54.0-win32-x64\jre\21.0.10-win32-x86_64\bin\instrument.dll, loaded, initialized, instrumentlib options:none

dbghelp: loaded successfully - version: 4.0.5 - missing functions: none
symbol engine: initialized successfully - sym options: 0x614 - pdb path: .;c:\Users\gimji\.vscode\extensions\redhat.java-1.54.0-win32-x64\jre\21.0.10-win32-x86_64\bin;C:\WINDOWS\SYSTEM32;C:\WINDOWS\WinSxS\amd64_microsoft.windows.common-controls_6595b64144ccf1df_6.0.26100.8115_none_3e075c82e3354f9c;c:\Users\gimji\.vscode\extensions\redhat.java-1.54.0-win32-x64\jre\21.0.10-win32-x86_64\bin\server;C:\Users\gimji\AppData\Roaming\Code\User\globalStorage\redhat.java\1.54.0\config_win\org.eclipse.equinox.launcher\org.eclipse.equinox.launcher.win32.win32.x86_64_1.3.0.v20260203-2149;C:\Users\gimji\AppData\Local\Temp\jna-98358858

VM Arguments:
jvm_args: --add-modules=ALL-SYSTEM --add-opens=java.base/java.util=ALL-UNNAMED --add-opens=java.base/java.lang=ALL-UNNAMED --add-opens=java.base/sun.nio.fs=ALL-UNNAMED -Declipse.application=org.eclipse.jdt.ls.core.id1 -Dosgi.bundles.defaultStartLevel=4 -Declipse.product=org.eclipse.jdt.ls.core.product -Djava.import.generatesMetadataFilesAtProjectRoot=false -DDetectVMInstallationsJob.disabled=true -Dfile.encoding=utf8 -XX:+UseParallelGC -XX:GCTimeRatio=4 -XX:AdaptiveSizePolicyWeight=90 -Dsun.zip.disableMemoryMapping=true -Xmx2G -Xms100m -Xlog:disable -javaagent:c:\Users\gimji\.vscode\extensions\redhat.java-1.54.0-win32-x64\lombok\lombok-1.18.39-4050.jar -XX:+HeapDumpOnOutOfMemoryError -XX:HeapDumpPath=c:\Users\gimji\AppData\Roaming\Code\User\workspaceStorage\090e618181b0680fee73096a256498cb\redhat.java -Daether.dependencyCollector.impl=bf 
java_command: c:\Users\gimji\.vscode\extensions\redhat.java-1.54.0-win32-x64\server\plugins\org.eclipse.equinox.launcher_1.7.100.v20251111-0406.jar -configuration c:\Users\gimji\AppData\Roaming\Code\User\globalStorage\redhat.java\1.54.0\config_win -data c:\Users\gimji\AppData\Roaming\Code\User\workspaceStorage\090e618181b0680fee73096a256498cb\redhat.java\jdt_ws --pipe=\\.\pipe\lsp-cee0d3c94b08cc03f9c7712f6a4ea13d-sock
java_class_path (initial): c:\Users\gimji\.vscode\extensions\redhat.java-1.54.0-win32-x64\server\plugins\org.eclipse.equinox.launcher_1.7.100.v20251111-0406.jar
Launcher Type: SUN_STANDARD

[Global flags]
    uintx AdaptiveSizePolicyWeight                 = 90                                        {product} {command line}
     intx CICompilerCount                          = 4                                         {product} {ergonomic}
    uintx GCTimeRatio                              = 4                                         {product} {command line}
     bool HeapDumpOnOutOfMemoryError               = true                                   {manageable} {command line}
    ccstr HeapDumpPath                             = c:\Users\gimji\AppData\Roaming\Code\User\workspaceStorage\090e618181b0680fee73096a256498cb\redhat.java         {manageable} {command line}
   size_t InitialHeapSize                          = 104857600                                 {product} {command line}
   size_t MaxHeapSize                              = 2147483648                                {product} {command line}
   size_t MaxNewSize                               = 715653120                                 {product} {ergonomic}
   size_t MinHeapDeltaBytes                        = 524288                                    {product} {ergonomic}
   size_t MinHeapSize                              = 104857600                                 {product} {command line}
   size_t NewSize                                  = 34603008                                  {product} {ergonomic}
    uintx NonNMethodCodeHeapSize                   = 5839372                                {pd product} {ergonomic}
    uintx NonProfiledCodeHeapSize                  = 122909434                              {pd product} {ergonomic}
   size_t OldSize                                  = 70254592                                  {product} {ergonomic}
    uintx ProfiledCodeHeapSize                     = 122909434                              {pd product} {ergonomic}
    uintx ReservedCodeCacheSize                    = 251658240                              {pd product} {ergonomic}
     bool SegmentedCodeCache                       = true                                      {product} {ergonomic}
   size_t SoftMaxHeapSize                          = 2147483648                             {manageable} {ergonomic}
     bool UseCompressedOops                        = true                           {product lp64_product} {ergonomic}
     bool UseLargePagesIndividualAllocation        = false                                  {pd product} {ergonomic}
     bool UseParallelGC                            = true                                      {product} {command line}

Logging:
Log output configuration:
 #0: stdout all=off uptime,level,tags foldmultilines=false
 #1: stderr all=off uptime,level,tags foldmultilines=false

Release file:
JAVA_VERSION="21.0.10" 
MODULES="java.base java.compiler java.datatransfer java.xml java.prefs java.desktop java.instrument java.logging java.management java.security.sasl java.naming java.rmi java.management.rmi java.net.http java.scripting java.security.jgss java.transaction.xa java.sql java.sql.rowset java.xml.crypto java.se java.smartcardio jdk.accessibility jdk.internal.jvmstat jdk.attach jdk.charsets jdk.internal.opt jdk.zipfs jdk.compiler jdk.crypto.ec jdk.crypto.cryptoki jdk.crypto.mscapi jdk.dynalink jdk.internal.ed jdk.editpad jdk.hotspot.agent jdk.httpserver jdk.internal.le jdk.internal.vm.ci jdk.internal.vm.compiler jdk.internal.vm.compiler.management jdk.jartool jdk.javadoc jdk.jcmd jdk.management jdk.management.agent jdk.jconsole jdk.jdeps jdk.jdwp.agent jdk.jdi jdk.jfr jdk.jshell jdk.jsobject jdk.jstatd jdk.localedata jdk.management.jfr jdk.naming.dns jdk.naming.rmi jdk.net jdk.nio.mapmode jdk.random jdk.sctp jdk.security.auth jdk.security.jgss jdk.unsupported jdk.unsupported.desktop jdk.xml.dom" 

Environment Variables:
PATH=C:\Users\gimji\AppData\Local\Programs\Microsoft VS Code;C:\Program Files\Eclipse Adoptium\jdk-17.0.17.10-hotspot\bin;C:\Program Files\Common Files\Oracle\Java\javapath;C:\WINDOWS\system32;C:\WINDOWS;C:\WINDOWS\System32\Wbem;C:\WINDOWS\System32\WindowsPowerShell\v1.0\;C:\WINDOWS\System32\OpenSSH\;C:\xampp\php;C:\ProgramData\ComposerSetup\bin;C:\Program Files\Microsoft SQL Server\140\Tools\Binn\;C:\Program Files\Git\cmd;C:\Program Files (x86)\Microsoft SQL Server\160\Tools\Binn\;C:\Program Files\Microsoft SQL Server\160\Tools\Binn\;C:\Program Files\Microsoft SQL Server\Client SDK\ODBC\170\Tools\Binn\;C:\Program Files\Microsoft SQL Server\160\DTS\Binn\;C:\Program Files\Docker\Docker\resources\bin;C:\Program Files\nodejs\;C:\Program Files\MySQL\MySQL Shell 8.0\bin\;C:\Users\gimji\AppData\Local\Programs\Python\Launcher\;C:\Users\gimji\AppData\Local\Microsoft\WindowsApps;C:\Users\gimji\AppData\Roaming\Composer\vendor\bin;C:\Users\gimji\AppData\Local\Programs\Microsoft VS Code\bin;C:\Program Files\liquibase-secure;C:\Users\gimji\AppData\Roaming\npm
USERNAME=gimji
OS=Windows_NT
PROCESSOR_IDENTIFIER=AMD64 Family 23 Model 160 Stepping 0, AuthenticAMD
TMP=C:\Users\gimji\AppData\Local\Temp
TEMP=C:\Users\gimji\AppData\Local\Temp




Periodic native trim disabled

---------------  S Y S T E M  ---------------

OS:
 Windows 11 , 64 bit Build 26100 (10.0.26100.8246)
OS uptime: 0 days 5:20 hours
Hyper-V role detected

CPU: total 8 (initial active 8) (8 cores per cpu, 2 threads per core) family 23 model 160 stepping 0 microcode 0x8a00006, cx8, cmov, fxsr, ht, mmx, 3dnowpref, sse, sse2, sse3, ssse3, sse4a, sse4.1, sse4.2, popcnt, lzcnt, tsc, tscinvbit, avx, avx2, aes, clmul, bmi1, bmi2, adx, sha, fma, vzeroupper, clflush, clflushopt, hv, rdtscp, rdpid, f16c
Processor Information for the first 8 processors :
  Max Mhz: 2801, Current Mhz: 2483, Mhz Limit: 2801

Memory: 4k page, system-wide physical 7455M (621M free)
TotalPageFile size 29983M (AvailPageFile size 0M)
current process WorkingSet (physical memory assigned to process): 106M, peak: 111M
current process commit charge ("private bytes"): 269M, peak: 270M

vm_info: OpenJDK 64-Bit Server VM (21.0.10+7-LTS) for windows-amd64 JRE (21.0.10+7-LTS), built on 2026-01-20T00:00:00Z by "admin" with MS VC++ 17.12 (VS2022)

END.
